;E0_PASPE_RLT.pcd 03/16/18 13:23:14
Error 1165: HKLS.fbd: Line 1: Compile failed
Error 2021: WEB-Server.obj: Unresolved external symbol: EZR1009.Raum.Temp1.iMW10
Error 2021: WEB-Server.obj: Unresolved external symbol: HZG002.FbH.VL.Linear4.KurveX2
Error 2021: WEB-Server.obj: Unresolved external symbol: HZG002.FbH.VL.Linear4.KurveX3
Error 2021: WEB-Server.obj: Unresolved external symbol: HZG002.FbH.VL.Linear4.KurveY1
Error 2021: WEB-Server.obj: Unresolved external symbol: HZG002.FbH.VL.Linear4.KurveX4
Error 2021: WEB-Server.obj: Unresolved external symbol: HZG002.FbH.VL.Linear4.KurveY2
Error 2021: WEB-Server.obj: Unresolved external symbol: EZR1002.Raum.Ventil2.Strng.iST10AO
Error 2021: WEB-Server.obj: Unresolved external symbol: EZR1010.Raum.Ventil2.Strng.iST10AO
Error 2021: WEB-Server.obj: Unresolved external symbol: HZG002.FbH.VL.Linear4.KurveY3
Error 2021: WEB-Server.obj: Unresolved external symbol: HZG002.FbH.VL.Linear4.KurveY4
Error 2021: WEB-Server.obj: Unresolved external symbol: HZG002.FbH_UV5.UWP.MACT.iMACT10
Error 2021: WEB-Server.obj: Unresolved external symbol: HZG005.Garage.RL.Temp.iMW10
Error 2021: WEB-Server.obj: Unresolved external symbol: EZR0010.Thanos.RaumBelegtRead
Error 2021: WEB-Server.obj: Unresolved external symbol: RLT003.VE.VL.Sec.UWP.Strng.Betrieb
Error 2021: WEB-Server.obj: Unresolved external symbol: HZG005.Garage.Raum.GWHeizenEin.Register
Error 2021: WEB-Server.obj: Unresolved external symbol: EZRA245.Thanos.ModeAus
Error 2021: WEB-Server.obj: Unresolved external symbol: RLT001.Bad.ABL.Feuchte.SW10.Value
Error 2021: WEB-Server.obj: Unresolved external symbol: TWW001.SP01.Temp.TSO.iDefekt
Error 2021: WEB-Server.obj: Unresolved external symbol: HZG001.FbH_UV4.UWP.Stoerg.iSSm
Error 2021: WEB-Server.obj: Unresolved external symbol: RLT003.ZUL.Temp.RegKH.iYSignal
Error 2021: WEB-Server.obj: Unresolved external symbol: EZR1006.Thanos.ModeAuto
Error 2021: WEB-Server.obj: Unresolved external symbol: EZR1003.Thanos.UniAus
Error 2021: WEB-Server.obj: Unresolved external symbol: EZR1011.Thanos.UniAus
Error 2021: WEB-Server.obj: Unresolved external symbol: RLT001.Bad.ZUL.Vent.iSSM
Error 2021: WEB-Server.obj: Unresolved external symbol: SBT001.Becken.UWP.MACT.iMACT10
Error 2021: WEB-Server.obj: Unresolved external symbol: TWW001.ZIRK.UWP.MACT.iMACT10
Error 2021: WEB-Server.obj: Unresolved external symbol: HZG002.VL.OG.Ventil.Strng.SignalHand
Error 2021: WEB-Server.obj: Unresolved external symbol: EZR0010.Thanos.UniEin
Error 2021: WEB-Server.obj: Unresolved external symbol: EZR0017.Thanos.Kuehlen
Error 2021: WEB-Server.obj: Unresolved external symbol: EZR1004.Thanos.SetAuto
Error 2021: WEB-Server.obj: Unresolved external symbol: EZR1012.Thanos.SetAuto
Error 2021: WEB-Server.obj: Unresolved external symbol: HZE001.WE03.Anforderung.Stoerg.iSSm
Error 2021: WEB-Server.obj: Unresolved external symbol: EZR1012.Raum.VOC.iDefekt
Error 2021: WEB-Server.obj: Unresolved external symbol: EZR1004.Thanos.RaumBelegtRead
Error 2021: WEB-Server.obj: Unresolved external symbol: EZR1012.Thanos.RaumBelegtRead
Error 2021: WEB-Server.obj: Unresolved external symbol: HZE001.GEO.RL.Pri.Temp.iDefekt
Error 2021: WEB-Server.obj: Unresolved external symbol: EZR1007.Thanos.ModeKH
Error 2021: WEB-Server.obj: Unresolved external symbol: EZR1004.Thanos.RaumTBasisWrite
Error 2021: WEB-Server.obj: Unresolved external symbol: EZR1012.Thanos.RaumTBasisWrite
Error 2021: WEB-Server.obj: Unresolved external symbol: RLT001.VE.VL.Pri.UWP.Strng.Betrieb
Error 2021: WEB-Server.obj: Unresolved external symbol: EZR0010.Thanos.UniAus
Error 2021: WEB-Server.obj: Unresolved external symbol: EZRA245.Raum.Ventil1.Strng.iST10AO
Error 2021: WEB-Server.obj: Unresolved external symbol: HZG002.VL.EG.Linear4HZ.KurveX1
Error 2021: WEB-Server.obj: Unresolved external symbol: EZR1006.Thanos.SetHeizen
Error 2021: WEB-Server.obj: Unresolved external symbol: HZG002.VL.EG.Linear4HZ.KurveX2
Error 2021: WEB-Server.obj: Unresolved external symbol: HZG002.VL.EG.Linear4HZ.KurveX3
Error 2021: WEB-Server.obj: Unresolved external symbol: HZG002.VL.EG.Linear4HZ.KurveY1
Error 2021: WEB-Server.obj: Unresolved external symbol: HZG002.VL.EG.UWP.Strng.iFrg2
Error 2021: WEB-Server.obj: Unresolved external symbol: PCD01.A00.Mld.StSpg.Stoerg.SmAC24
Error 2021: WEB-Server.obj: Unresolved external symbol: SBT001.Becken.UWP.ExtEin.iBM10
Error 2021: WEB-Server.obj: Unresolved external symbol: HZG002.VL.EG.Linear4HZ.KurveX4
Error 2021: WEB-Server.obj: Unresolved external symbol: HZG002.VL.EG.Linear4HZ.KurveY2
Error 2021: WEB-Server.obj: Unresolved external symbol: EZR1009.Thanos.RaumBelegtRead
Error 2021: WEB-Server.obj: Unresolved external symbol: HZG002.Deckenhzg.Ventil.Strng.iST10AO
Error 2021: WEB-Server.obj: Unresolved external symbol: HZG002.VL.EG.Linear4HZ.KurveY3
Error 2021: WEB-Server.obj: Unresolved external symbol: HZE001.WP.VL.Sec.Temp.iDefekt
Error 2021: WEB-Server.obj: Unresolved external symbol: HZG002.VL.EG.Linear4HZ.KurveY4
Error 2021: WEB-Server.obj: Unresolved external symbol: RLT002.Wohnen.ABL.Filter.iSSM
Error 2021: WEB-Server.obj: Unresolved external symbol: EZR0017.Raum.Temp1.iMW10
Error 2021: WEB-Server.obj: Unresolved external symbol: EZR1007.Thanos.ModeHZ
Error 2021: WEB-Server.obj: Unresolved external symbol: A.Alarm.PCD01_ALA.MyName
Error 2021: WEB-Server.obj: Unresolved external symbol: HZE002.Weiche.UWP.Strng.HMI
Error 2021: WEB-Server.obj: Unresolved external symbol: EZR1008.Bad.Rad.Strng.SR
Error 2021: WEB-Server.obj: Unresolved external symbol: HZG001.FbH.Aussen.GWHeizenEin.Register
Error 2021: WEB-Server.obj: Unresolved external symbol: HZG002.FbH.Aussen.GWHeizenEin.Register
Error 2021: WEB-Server.obj: Unresolved external symbol: HZG004.FbH.Aussen.GWHeizenEin.Register
Error 2021: WEB-Server.obj: Unresolved external symbol: RLT002.Wohnen.Raum.VOC.iMax
Error 2021: WEB-Server.obj: Unresolved external symbol: EZR0001.Thanos.Raumtemp
Error 2021: WEB-Server.obj: Unresolved external symbol: EZR1009.Thanos.RaumTBasisWrite
Error 2021: WEB-Server.obj: Unresolved external symbol: EZRA003.Raum.Temp1.iDefekt
Error 2021: WEB-Server.obj: Unresolved external symbol: HZG002.FbH.UWP.Stoerg.iSSm
Error 2021: WEB-Server.obj: Unresolved external symbol: TWW001.ZIRK.UWP.Stoerg.iSSm
Error 2021: WEB-Server.obj: Unresolved external symbol: EZR1011.Raum.Ventil1.Strng.Vorwahl
Error 2021: WEB-Server.obj: Unresolved external symbol: EZR0016.Raum.DEW2.iMW10
Error 2021: WEB-Server.obj: Unresolved external symbol: EZR0258.Thanos.SetAuto
Error 2021: WEB-Server.obj: Unresolved external symbol: HZG002.VL.OG.Reg.iNbrKH
Error 2021: WEB-Server.obj: Unresolved external symbol: HZG002.UV_3.UWP.Strng.HMI
Error 2021: WEB-Server.obj: Unresolved external symbol: HZG002.Deckenhzg.UWP.Strng.Betrieb
Error 2021: WEB-Server.obj: Unresolved external symbol: SBT001.Becken.UWP.Strng.HMI
Error 2021: WEB-Server.obj: Unresolved external symbol: EZR0011.Thanos.SetAuto
Error 2021: WEB-Server.obj: Unresolved external symbol: EZR1009.Raum.Temp1.iDefekt
Error 2021: WEB-Server.obj: Unresolved external symbol: EZR1011.Raum.VOC.iMW20
Error 2021: WEB-Server.obj: Unresolved external symbol: TWW001.ANS.VP01.AV02.Value
Error 2021: WEB-Server.obj: Unresolved external symbol: HZG002.FbH_UV5.UWP.Strng.Betrieb
Error 2021: WEB-Server.obj: Unresolved external symbol: PCD01.A00.Mld.StSpg.Stoerg.SmDC24
Error 2021: WEB-Server.obj: Unresolved external symbol: EZRA003.Bad.Rad.Strng.iSB10DO
Error 2021: WEB-Server.obj: Unresolved external symbol: HZE001.Aussen.Feuchte1.iMW10
Error 2021: WEB-Server.obj: Unresolved external symbol: HZE001.WE01.UWP.PRZ.Sm
Error 2021: WEB-Server.obj: Unresolved external symbol: EZR1002.Thanos.ModeAus
Error 2021: WEB-Server.obj: Unresolved external symbol: EZR1004.Thanos.Raumsolltemp
Error 2021: WEB-Server.obj: Unresolved external symbol: EZR1012.Thanos.Raumsolltemp
Error 2021: WEB-Server.obj: Unresolved external symbol: HZE001.Puffer.Hot.Oben.GWAus.Register
Error 2021: WEB-Server.obj: Unresolved external symbol: HZG001.FbH.RL.Temp.iMW10
Error 2021: WEB-Server.obj: Unresolved external symbol: HZG002.FbH_UV1.UWP.Strng.HMI
Error 2021: WEB-Server.obj: Unresolved external symbol: HZG002.VL.OG.Reg.iNbrHZ
Error 2021: WEB-Server.obj: Unresolved external symbol: RLT002.Wohnen.UML.Klp.iMW10
Error 2021: WEB-Server.obj: Unresolved external symbol: EZR0001.Raum.Ventil2.Strng.SignalHand
Error 2021: WEB-Server.obj: Unresolved external symbol: EZR0017.Raum.Ventil2.Strng.SignalHand
Error 2021: WEB-Server.obj: Unresolved external symbol: EZR1009.Raum.Ventil2.Strng.SignalHand
Error 2021: WEB-Server.obj: Unresolved external symbol: EZRA245.Raum.Ventil2.Strng.SignalHand
Error 2021: WEB-Server.obj: Unresolved external symbol: HZG002.Deckenhzg.VL.Temp.iDefekt
Error 2021: WEB-Server.obj: Unresolved external symbol: HZE001.Aussen.Temp2.iDefekt
Error 2021: WEB-Server.obj: Unresolved external symbol: EZR1008.Raum.Ventil2.Strng.iST10AO
Error 2021: WEB-Server.obj: Unresolved external symbol: HZG002.FbH_UV6.UWP.Stoerg.iSSm
Error 2021: WEB-Server.obj: Unresolved external symbol: HZG002.VL.OG.Reg.iYKHSignal
Error 2021: WEB-Server.obj: Unresolved external symbol: EZR0016.Raum.Feuchte.iRW10
Error 2021: WEB-Server.obj: Unresolved external symbol: HZE001.WP.RL.Sec.Temp.iDefekt
Error 2021: WEB-Server.obj: Unresolved external symbol: EZR0017.Thanos.Heizen
Error 2021: WEB-Server.obj: Unresolved external symbol: HZG002.FbH.Ventil.Strng.iST10AO
Error 2021: WEB-Server.obj: Unresolved external symbol: SBT001.Becken.UWP.Strng.Betrieb
Error 2021: WEB-Server.obj: Unresolved external symbol: EZRA003.Thanos.ModeAus
Error 2021: WEB-Server.obj: Unresolved external symbol: HZG005.Garage.RL.Temp.iDefekt
Error 2021: WEB-Server.obj: Unresolved external symbol: EZR1003.Thanos.iSSM
Error 2021: WEB-Server.obj: Unresolved external symbol: EZR1011.Thanos.iSSM
Error 2021: WEB-Server.obj: Unresolved external symbol: RLT002.WO.ZUL.VE.Ventil.Strng.HandSm
Error 2021: WEB-Server.obj: Unresolved external symbol: EZR0258.Raum.Ventil2.Strng.iST10AO
Error 2021: WEB-Server.obj: Unresolved external symbol: HZE001.WE01.Anforderung.MACT.iMACT10
Error 2021: WEB-Server.obj: Unresolved external symbol: EZR1004.Thanos.UniEin
Error 2021: WEB-Server.obj: Unresolved external symbol: EZR1006.Thanos.Kuehlen
Error 2021: WEB-Server.obj: Unresolved external symbol: EZR1012.Thanos.UniEin
Error 2021: WEB-Server.obj: Unresolved external symbol: HZE001.WE03.Anforderung.Strng.iOekonom
Error 2021: WEB-Server.obj: Unresolved external symbol: HZG004.FbH.UWP.Strng.Betrieb
Error 2021: WEB-Server.obj: Unresolved external symbol: EZR0010.Thanos.iSSM
Error 2021: WEB-Server.obj: Unresolved external symbol: EZR1006.Raum.Ventil1.Strng.Vorwahl
Error 2021: WEB-Server.obj: Unresolved external symbol: RLT001.Bad.PSTA.iBetrieb
Error 2021: WEB-Server.obj: Unresolved external symbol: HZE001.WE03.Anforderung.Strng.HMI
Error 2021: WEB-Server.obj: Unresolved external symbol: EZR1009.Thanos.SetAuto
Error 2021: WEB-Server.obj: Unresolved external symbol: HZG001.FbH.UWP.Stoerg.iSSm
Error 2021: WEB-Server.obj: Unresolved external symbol: EZRA003.Thanos.SetKuehlen
Error 2021: WEB-Server.obj: Unresolved external symbol: HZE001.WE03.Anforderung.Strng.iSB10DO
Error 2021: WEB-Server.obj: Unresolved external symbol: HZG005.Garage.VL.Temp.iMW10
Error 2021: WEB-Server.obj: Unresolved external symbol: PCD01.A00.Mld.PCD01.A00.Mld.PCD01.Clock.iYMD
Error 2021: WEB-Server.obj: Unresolved external symbol: HZG004.FbH.Ventil.Strng.HandSm
Error 2021: WEB-Server.obj: Unresolved external symbol: EZR1009.Thanos.SetKuehlen
Error 2021: WEB-Server.obj: Unresolved external symbol: HZE001.Puffer.Cold.Unten.Temp.iMW10
Error 2021: WEB-Server.obj: Unresolved external symbol: HZG003.Rad.RL.Temp.iMW10
Error 2021: WEB-Server.obj: Unresolved external symbol: RLT001.AUL.Klappe.Strng.Vorwahl
Error 2021: WEB-Server.obj: Unresolved external symbol: EZR1007.Raum.Temp1.iDefekt
Error 2021: WEB-Server.obj: Unresolved external symbol: RLT001.Bad.Strng.iFrgMACT
Error 2021: WEB-Server.obj: Unresolved external symbol: EZR1004.Thanos.UniAus
Error 2021: WEB-Server.obj: Unresolved external symbol: EZR1012.Thanos.UniAus
Error 2021: WEB-Server.obj: Unresolved external symbol: RLT002.Wohnen.Raum.VOC.SW10
Error 2021: WEB-Server.obj: Unresolved external symbol: HZG002.FbH_UV1.UWP.Strng.Betrieb
Error 2021: WEB-Server.obj: Unresolved external symbol: EZR0011.Thanos.UniEin
Error 2021: WEB-Server.obj: Unresolved external symbol: EZR0016.Raum.Ventil2.Strng.Vorwahl
Error 2021: WEB-Server.obj: Unresolved external symbol: RLT001.Bad.PLT.iFrg10
Error 2021: WEB-Server.obj: Unresolved external symbol: EZR1003.Thanos.Raumsolltemp
Error 2021: WEB-Server.obj: Unresolved external symbol: EZR1008.Raum.Temp1.iMW10
Error 2021: WEB-Server.obj: Unresolved external symbol: EZR1011.Thanos.Raumsolltemp
Error 2021: WEB-Server.obj: Unresolved external symbol: HZE001.Puffer.Hot.Unten.Temp.iDefekt
Error 2021: WEB-Server.obj: Unresolved external symbol: RLT001.Bad.PLT.iFrg20
Error 2021: WEB-Server.obj: Unresolved external symbol: HZE001.WP.VL.Pri.Temp.iDefekt
Error 2021: WEB-Server.obj: Unresolved external symbol: HZG004.VL.UWP.Stoerg.iSSm
Error 2021: WEB-Server.obj: Unresolved external symbol: RLT001.FOLByp.Klappe6.Strng.irRM10
Error 2021: WEB-Server.obj: Unresolved external symbol: EZRA245.Thanos.ModeAuto
Error 2021: WEB-Server.obj: Unresolved external symbol: EZR0016.Raum.DEW2.iDefekt
Error 2021: WEB-Server.obj: Unresolved external symbol: PCD01.ModBus.RLTComm.Unit1.iSSM
Error 2021: WEB-Server.obj: Unresolved external symbol: HZG001.FbH.Ventil.Strng.SignalHand
Error 2021: WEB-Server.obj: Unresolved external symbol: HZG002.UV_2.UWP.Strng.Betrieb
Error 2021: WEB-Server.obj: Unresolved external symbol: EZR1008.Thanos.ModeKH
Error 2021: WEB-Server.obj: Unresolved external symbol: HZE001.Puffer.Hot.MitteUnten.Temp.iDefekt
Error 2021: WEB-Server.obj: Unresolved external symbol: HZG002.Deckenhzg.RL.Temp.iMW10
Error 2021: WEB-Server.obj: Unresolved external symbol: EZR1004.Thanos.ModeAuto
Error 2021: WEB-Server.obj: Unresolved external symbol: EZR1012.Thanos.ModeAuto
Error 2021: WEB-Server.obj: Unresolved external symbol: RLT001.SB.ZUL.VE.Ventil.Strng.HandSm
Error 2021: WEB-Server.obj: Unresolved external symbol: RLT003.Allg.VL.Pri.Temp.iDefekt
Error 2021: WEB-Server.obj: Unresolved external symbol: EZR0011.Thanos.UniAus
Error 2021: WEB-Server.obj: Unresolved external symbol: EZRA245.Raum.Ventil2.Strng.iST10AO
Error 2021: WEB-Server.obj: Unresolved external symbol: RLT002.Wohnen.Strng.iHandEin
Error 2021: WEB-Server.obj: Unresolved external symbol: EZR1011.Raum.FensterZU.Strng.Vorwahl
Error 2021: WEB-Server.obj: Unresolved external symbol: EZR0016.Raum.Temp2.iDefekt
Error 2021: WEB-Server.obj: Unresolved external symbol: EZR1004.Bad.Rad.Strng.iSB10DO
Error 2021: WEB-Server.obj: Unresolved external symbol: RLT002.Wohnen.PLT.iFrgMittel
Error 2021: WEB-Server.obj: Unresolved external symbol: EZR0016.Thanos.SetAuto
Error 2021: WEB-Server.obj: Unresolved external symbol: HZG004.VL.UWP.MACT.iMACT10
Error 2021: WEB-Server.obj: Unresolved external symbol: EZR1008.Thanos.ModeHZ
Error 2021: WEB-Server.obj: Unresolved external symbol: EZR1011.Raum.VOC.iDefekt
Error 2021: WEB-Server.obj: Unresolved external symbol: HZG004.VL.Ventil.Strng.iST10AO
Error 2021: WEB-Server.obj: Unresolved external symbol: RLT001.SB.ZUL.Temp.iMW10
Error 2021: WEB-Server.obj: Unresolved external symbol: SBT001.WT.Sek.VLTemp.iMW10
Error 2021: WEB-Server.obj: Unresolved external symbol: EZR1007.Thanos.ModeAus
Error 2021: WEB-Server.obj: Unresolved external symbol: EZRA245.Thanos.Kuehlen
Error 2021: WEB-Server.obj: Unresolved external symbol: HZE002.Geo.UWP.MACT.iMACT10
Error 2021: WEB-Server.obj: Unresolved external symbol: HZG001.FbH.Ventil.Strng.Vorwahl
Error 2021: WEB-Server.obj: Unresolved external symbol: EZR1009.Bad.Rad.Strng.iSB10DO
Error 2021: WEB-Server.obj: Unresolved external symbol: HZE001.Aussen.Feuchte2.iMW10
Error 2021: WEB-Server.obj: Unresolved external symbol: HZG002.FbH.UWP.Strng.HMI
Error 2021: WEB-Server.obj: Unresolved external symbol: EZRA245.Thanos.Heizen
Error 2021: WEB-Server.obj: Unresolved external symbol: EZR1003.Raum.Ventil2.Strng.Vorwahl
Error 2021: WEB-Server.obj: Unresolved external symbol: EZR1006.Thanos.SetAus
Error 2021: WEB-Server.obj: Unresolved external symbol: EZR1011.Raum.Ventil2.Strng.Vorwahl
Error 2021: WEB-Server.obj: Unresolved external symbol: HZE001.WE01.UWP.MACT.iMACT10
Error 2021: WEB-Server.obj: Unresolved external symbol: HZG002.VL.OG.Reg.iYHZSignal
Error 2021: WEB-Server.obj: Unresolved external symbol: HZE001.GEO.VL.Pri.Temp.iMW10
Error 2021: WEB-Server.obj: Unresolved external symbol: TWW001.SP01.Temp.TSU.iDefekt
Error 2021: WEB-Server.obj: Unresolved external symbol: RLT002.WO.ZUL.VE.Ventil.Strng.SignalHand
Error 2021: WEB-Server.obj: Unresolved external symbol: EZR0016.Raum.Temp1.iMW10
Error 2021: WEB-Server.obj: Unresolved external symbol: EZR1002.Thanos.Raumsolltemp
Error 2021: WEB-Server.obj: Unresolved external symbol: HZE001.WP.RL.Pri.Temp.iDefekt
Error 2021: WEB-Server.obj: Unresolved external symbol: PCD01.ModBus.RLTComm.Unit2.iSSM
Error 2021: WEB-Server.obj: Unresolved external symbol: HZG004.VL.UWP.Strng.Betrieb
Error 2021: WEB-Server.obj: Unresolved external symbol: EZR0011.Raum.Ventil2.Strng.SignalHand
Error 2021: WEB-Server.obj: Unresolved external symbol: EZR1003.Raum.Ventil2.Strng.SignalHand
Error 2021: WEB-Server.obj: Unresolved external symbol: EZR1007.Raum.Ventil2.Strng.SignalHand
Error 2021: WEB-Server.obj: Unresolved external symbol: EZR1011.Raum.Ventil2.Strng.SignalHand
Error 2021: WEB-Server.obj: Unresolved external symbol: HZG002.VL.OG.UWP.MACT.iMACT10
Error 2021: WEB-Server.obj: Unresolved external symbol: RLT003.ZUL.Feuchte.RegEntf.iYSignal
Error 2021: WEB-Server.obj: Unresolved external symbol: RLT002.VE.VL.Pri.UWP.Stoerg.iSSm
Error 2021: WEB-Server.obj: Unresolved external symbol: RLT001.FOLByp.Klappe5.Strng.HandSm
Error 2021: WEB-Server.obj: Unresolved external symbol: EZR0258.Raum.VOC.iDefekt
Error 2021: WEB-Server.obj: Unresolved external symbol: HZG001.FbH.VL.Temp.iMW10
Error 2021: WEB-Server.obj: Unresolved external symbol: HZG002.FbH_UV2.UWP.Strng.HMI
Error 2021: WEB-Server.obj: Unresolved external symbol: HZG002.VL.EG.UWP.Strng.HMI
Error 2021: WEB-Server.obj: Unresolved external symbol: RLT001.AULByp.Klappe3.Strng.Vorwahl
Error 2021: WEB-Server.obj: Unresolved external symbol: RLT003.Allg.RL.Pri.Temp.iDefekt
Error 2021: WEB-Server.obj: Unresolved external symbol: RLT003.VE.ZUL.Feuchte.iDefekt
Error 2021: WEB-Server.obj: Unresolved external symbol: HZE002.Geo.UWP.Strng.Betrieb
Error 2021: WEB-Server.obj: Unresolved external symbol: HZG004.VL.Reg.iNbrKH
Error 2021: WEB-Server.obj: Unresolved external symbol: RLT001.SB.RL.Sec.Temp.iMW10
Error 2021: WEB-Server.obj: Unresolved external symbol: EZR0001.Thanos.RaumBelegtRead
Error 2021: WEB-Server.obj: Unresolved external symbol: EZR1002.Thanos.Heizen
Error 2021: WEB-Server.obj: Unresolved external symbol: HZG004.FbH.VL.Linear4.KurveX1
Error 2021: WEB-Server.obj: Unresolved external symbol: HZG004.FbH.VL.Linear4.KurveX2
Error 2021: WEB-Server.obj: Unresolved external symbol: EZR1007.Thanos.iSSM
Error 2021: WEB-Server.obj: Unresolved external symbol: HZG004.FbH.VL.Linear4.KurveX3
Error 2021: WEB-Server.obj: Unresolved external symbol: HZG004.FbH.VL.Linear4.KurveY1
Error 2021: WEB-Server.obj: Unresolved external symbol: HZG004.FbH.VL.Linear4.KurveX4
Error 2021: WEB-Server.obj: Unresolved external symbol: HZG004.FbH.VL.Linear4.KurveY2
Error 2021: WEB-Server.obj: Unresolved external symbol: HZE002.Geo.UWP.Strng.HMI
Error 2021: WEB-Server.obj: Unresolved external symbol: HZG004.FbH.VL.Linear4.KurveY3
Error 2021: WEB-Server.obj: Unresolved external symbol: PCD01.A00.Mld.StSpg.Stoerg.SmPhasen
Error 2021: WEB-Server.obj: Unresolved external symbol: EZR0016.Raum.Feuchte1.iMW20
Error 2021: WEB-Server.obj: Unresolved external symbol: HZG004.FbH.VL.Linear4.KurveY4
Error 2021: WEB-Server.obj: Unresolved external symbol: EZR1006.Raum.Ventil2.Strng.Vorwahl
Error 2021: WEB-Server.obj: Unresolved external symbol: EZRA003.Thanos.Heizen
Error 2021: WEB-Server.obj: Unresolved external symbol: EZRA245.Raum.Ventil1.Strng.SignalHand
Error 2021: WEB-Server.obj: Unresolved external symbol: HZG004.VL.Reg.iNbrHZ
Error 2021: WEB-Server.obj: Unresolved external symbol: EZR0017.Thanos.SetKuehlen
Error 2021: WEB-Server.obj: Unresolved external symbol: EZR0017.Thanos.RaumTBasisWrite
Error 2021: WEB-Server.obj: Unresolved external symbol: EZR1003.Raum.Temp1.iDefekt
Error 2021: WEB-Server.obj: Unresolved external symbol: EZR1011.Raum.Temp1.iDefekt
Error 2021: WEB-Server.obj: Unresolved external symbol: HZG003.Hamam.UWP.Stoerg.iSSm
Error 2021: WEB-Server.obj: Unresolved external symbol: RLT001.SB.ABL.Temp.iDefekt
Error 2021: WEB-Server.obj: Unresolved external symbol: HZE001.Puffer.Cold.Unten.GWEin.Register
Error 2021: WEB-Server.obj: Unresolved external symbol: RLT001.Bad.Strng.Vorwahl
Error 2021: WEB-Server.obj: Unresolved external symbol: EZR0258.Thanos.ModeAuto
Error 2021: WEB-Server.obj: Unresolved external symbol: HZG004.FbH.Ventil.Strng.SignalHand
Error 2021: WEB-Server.obj: Unresolved external symbol: HZG004.VL.Ventil.Strng.HandSm
Error 2021: WEB-Server.obj: Unresolved external symbol: RLT001.SB.ZUL.Temp.iSW10
Error 2021: WEB-Server.obj: Unresolved external symbol: EZR0017.Thanos.Raumsolltemp
Error 2021: WEB-Server.obj: Unresolved external symbol: EZR0258.Thanos.ModeKH
Error 2021: WEB-Server.obj: Unresolved external symbol: HZG003.Rad.VL.Temp.iMW10
Error 2021: WEB-Server.obj: Unresolved external symbol: EZR1003.Thanos.RaumBelegtRead
Error 2021: WEB-Server.obj: Unresolved external symbol: EZR1011.Thanos.RaumBelegtRead
Error 2021: WEB-Server.obj: Unresolved external symbol: HZG005.Garage.Raum.Temp.iDefekt
Error 2021: WEB-Server.obj: Unresolved external symbol: EZR0011.Raum.Ventil2.Strng.iST10AO
Error 2021: WEB-Server.obj: Unresolved external symbol: EZR0011.Thanos.ModeAuto
Error 2021: WEB-Server.obj: Unresolved external symbol: RLT002.Wohnen.PLT.FrgBefeuchten
Error 2021: WEB-Server.obj: Unresolved external symbol: EZR1002.Thanos.Kuehlen
Error 2021: WEB-Server.obj: Unresolved external symbol: HZE002.Geo.UWP.Stoerg.iSSm
Error 2021: WEB-Server.obj: Unresolved external symbol: HZG002.VL.OG.UWP.Strng.Betrieb
Error 2021: WEB-Server.obj: Unresolved external symbol: HZG004.VL.UWP.Strng.HMI
Error 2021: WEB-Server.obj: Unresolved external symbol: RLT003.VE.VL.Sec.Ventil.Strng.Vorwahl
Error 2021: WEB-Server.obj: Unresolved external symbol: HZE001.WE01.UWP.Stoerg.iSSm
Error 2021: WEB-Server.obj: Unresolved external symbol: EZR1008.Thanos.RaumBelegtRead
Error 2021: WEB-Server.obj: Unresolved external symbol: EZR0258.Thanos.ModeHZ
Error 2021: WEB-Server.obj: Unresolved external symbol: EZR1006.Thanos.RaumTBasisWrite
Error 2021: WEB-Server.obj: Unresolved external symbol: RLT002.Wohnen.ZUL.Volumen.iMW10
Error 2021: WEB-Server.obj: Unresolved external symbol: EZR1009.Thanos.ModeKH
Error 2021: WEB-Server.obj: Unresolved external symbol: HZG002.VL.EG.Ventil.Strng.Vorwahl
Error 2021: WEB-Server.obj: Unresolved external symbol: EZR0258.Raum.Feuchte.iDefekt
Error 2021: WEB-Server.obj: Unresolved external symbol: HZG002.Deckenhzg.VL.Temp.iMW10
Error 2021: WEB-Server.obj: Unresolved external symbol: TWW001.VL.UWP.Stoerg.iSSm
Error 2021: WEB-Server.obj: Unresolved external symbol: EZR1012.Raum.Ventil1.Strng.iST10AO
Error 2021: WEB-Server.obj: Unresolved external symbol: EZRA003.Thanos.Kuehlen
Error 2021: WEB-Server.obj: Unresolved external symbol: EZR1009.Raum.Ventil2.Strng.Vorwahl
Error 2021: WEB-Server.obj: Unresolved external symbol: HZG001.FbH.VL.Temp.iSW10
Error 2021: WEB-Server.obj: Unresolved external symbol: RLT002.Wohnen.ABL.Volumen.iMW10
Error 2021: WEB-Server.obj: Unresolved external symbol: EZR1007.Raum.Temp1.iMW10
Error 2021: WEB-Server.obj: Unresolved external symbol: HZG004.FbH.RL.Temp.iDefekt
Error 2021: WEB-Server.obj: Unresolved external symbol: RLT003.VE.VL.Sec.UV.Strng.Vorwahl
Error 2021: WEB-Server.obj: Unresolved external symbol: HZE001.WP.VL.Pri.Temp.iMW10
Error 2021: WEB-Server.obj: Unresolved external symbol: RLT002.VE.VL.Pri.UWP.MACT.iMACT10
Error 2021: WEB-Server.obj: Unresolved external symbol: EZR0258.Thanos.RaumBelegtRead
Error 2021: WEB-Server.obj: Unresolved external symbol: EZR1009.Thanos.ModeHZ
Error 2021: WEB-Server.obj: Unresolved external symbol: EZR0017.Raum.Temp1.iDefekt
Error 2021: WEB-Server.obj: Unresolved external symbol: TWW001.ZIRK.RL.Temp.iMW10
Error 2021: WEB-Server.obj: Unresolved external symbol: EZR0016.Raum.Temp2.iMW20
Error 2021: WEB-Server.obj: Unresolved external symbol: EZR0016.Thanos.ModeKH
Error 2021: WEB-Server.obj: Unresolved external symbol: HZE001.WE02.Anforderung.Strng.iSB10DO
Error 2021: WEB-Server.obj: Unresolved external symbol: EZR0258.PLT.Praesenz.PraesenzWEB.irBM10
Error 2021: WEB-Server.obj: Unresolved external symbol: EZR1002.Thanos.ModeAuto
Error 2021: WEB-Server.obj: Unresolved external symbol: HZG002.VL.OG.Ventil.Strng.Vorwahl
Error 2021: WEB-Server.obj: Unresolved external symbol: EZR0016.Thanos.Raumsolltemp
Error 2021: WEB-Server.obj: Unresolved external symbol: RLT001.SB.ZUL.VE.Ventil.Strng.SignalHand
Error 2021: WEB-Server.obj: Unresolved external symbol: EZR1007.Thanos.SetAus
Error 2021: WEB-Server.obj: Unresolved external symbol: EZR1010.Thanos.VentilatorAus
Error 2021: WEB-Server.obj: Unresolved external symbol: EZRA245.Thanos.SetHeizen
Error 2021: WEB-Server.obj: Unresolved external symbol: EZR0016.Raum.Feuchte2.iDefekt
Error 2021: WEB-Server.obj: Unresolved external symbol: RLT001.FOLByp.Klappe5.Strng.iST10AO
Error 2021: WEB-Server.obj: Unresolved external symbol: EZR0016.Thanos.ModeHZ
Error 2021: WEB-Server.obj: Unresolved external symbol: EZR1002.Raum.VOC.iDefekt
Error 2021: WEB-Server.obj: Unresolved external symbol: EZR1012.Raum.VOC.iMW20
Error 2021: WEB-Server.obj: Unresolved external symbol: HZG002.Deckenhzg.UV.Strng.Vorwahl
Error 2021: WEB-Server.obj: Unresolved external symbol: HZG002.VL.EG.Reg.iNbrKH
Error 2021: WEB-Server.obj: Unresolved external symbol: HZG005.Garage.UWP.MACT.iMACT10
Error 2021: WEB-Server.obj: Unresolved external symbol: HZE002.Weiche.UWP.PRZ.Sm
Error 2021: WEB-Server.obj: Unresolved external symbol: HZG003.Rad.VL.Temp.iSW10
Error 2021: WEB-Server.obj: Unresolved external symbol: HZG004.FbH.RL.Temp.iMW10
Error 2021: WEB-Server.obj: Unresolved external symbol: EZR1003.Thanos.ModeAus
Error 2021: WEB-Server.obj: Unresolved external symbol: EZR1011.Thanos.ModeAus
Error 2021: WEB-Server.obj: Unresolved external symbol: HZG002.VL.EG.Temp.iDefekt
Error 2021: WEB-Server.obj: Unresolved external symbol: EZR1007.Raum.Ventil1.Strng.iST10AO
Error 2021: WEB-Server.obj: Unresolved external symbol: EZR1004.Thanos.SetHeizen
Error 2021: WEB-Server.obj: Unresolved external symbol: EZR1012.Thanos.SetHeizen
Error 2021: WEB-Server.obj: Unresolved external symbol: RLT001.AULByp.Klappe4.Strng.Vorwahl
Error 2021: WEB-Server.obj: Unresolved external symbol: EZR0016.Raum.Feuchte2.iMW20
Error 2021: WEB-Server.obj: Unresolved external symbol: HZE001.WE02.Anforderung.Strng.HMI
Error 2021: WEB-Server.obj: Unresolved external symbol: HZG002.Aussen.EG.GWHeizenEin.Register
Error 2021: WEB-Server.obj: Unresolved external symbol: HZG002.VL.EG.Reg.iNbrHZ
Error 2021: WEB-Server.obj: Unresolved external symbol: EZR1003.Thanos.Heizen
Error 2021: WEB-Server.obj: Unresolved external symbol: EZR1011.Thanos.Heizen
Error 2021: WEB-Server.obj: Unresolved external symbol: SBT001.WT.Sek.RLTemp.iDefekt
Error 2021: WEB-Server.obj: Unresolved external symbol: EZR1007.Raum.Ventil1.Strng.SignalHand
Error 2021: WEB-Server.obj: Unresolved external symbol: EZR1011.Raum.Ventil1.Strng.SignalHand
Error 2021: WEB-Server.obj: Unresolved external symbol: EZRA003.Thanos.ModeAuto
Error 2021: WEB-Server.obj: Unresolved external symbol: EZR1009.Thanos.ModeAuto
Error 2021: WEB-Server.obj: Unresolved external symbol: RLT001.Bad.UML.Klp.iMW10
Error 2021: WEB-Server.obj: Unresolved external symbol: EZR0017.Raum.Ventil2.Strng.iST10AO
Error 2021: WEB-Server.obj: Unresolved external symbol: EZR1006.Thanos.UniEin
Error 2021: WEB-Server.obj: Unresolved external symbol: EZR1007.Thanos.Kuehlen
Error 2021: WEB-Server.obj: Unresolved external symbol: EZR1002.Thanos.iSSM
Error 2021: WEB-Server.obj: Unresolved external symbol: EZR0001.Thanos.iSSM
Error 2021: WEB-Server.obj: Unresolved external symbol: RLT001.FOL.Klappe.Strng.Vorwahl
Error 2021: WEB-Server.obj: Unresolved external symbol: RLT002.WO.VL.Sec.Temp.iMW10
Error 2021: WEB-Server.obj: Unresolved external symbol: EZR0258.Raum.VOC.iMW20
Error 2021: WEB-Server.obj: Unresolved external symbol: EZR1010.Thanos.VentilatorSt1
Error 2021: WEB-Server.obj: Unresolved external symbol: EZR1010.Thanos.VentilatorSt2
Error 2021: WEB-Server.obj: Unresolved external symbol: HZG003.Hamam.UWP.MACT.iMACT10
Error 2021: WEB-Server.obj: Unresolved external symbol: EZR0010.Thanos.Heizen
Error 2021: WEB-Server.obj: Unresolved external symbol: HZE002.WT.UWP.Strng.Betrieb
Error 2021: WEB-Server.obj: Unresolved external symbol: HZG005.Garage.Raum.Temp.iMW10
Error 2021: WEB-Server.obj: Unresolved external symbol: RLT003.VE.VL.Sec.UWP.Stoerg.iSSm
Error 2021: WEB-Server.obj: Unresolved external symbol: EZR1006.Thanos.UniAus
Error 2021: WEB-Server.obj: Unresolved external symbol: EZR0010.Thanos.ModeAus
Error 2021: WEB-Server.obj: Unresolved external symbol: RLT001.AULByp.Klappe4.Strng.irRM10
Error 2021: WEB-Server.obj: Unresolved external symbol: RLT001.VE.VL.Pri.UWP.Stoerg.iSSm
Error 2021: WEB-Server.obj: Unresolved external symbol: RLT001.SB.FOL.Feuchte.iMW10
Error 2021: WEB-Server.obj: Unresolved external symbol: EZR0258.Raum.Temp1.iDefekt
Error 2021: WEB-Server.obj: Unresolved external symbol: RLT001.AUL.Klappe.Strng.irRM10
Error 2021: WEB-Server.obj: Unresolved external symbol: EZR1003.Bad.Rad.Strng.iSB10DO
Error 2021: WEB-Server.obj: Unresolved external symbol: HZG002.FbH_UV2.UWP.Stoerg.iSSm
Error 2021: WEB-Server.obj: Unresolved external symbol: HZG002.Deckenhzg.UWP.Stoerg.iSSm
Error 2021: WEB-Server.obj: Unresolved external symbol: HZG005.Garage.UWP.Strng.HMI
Error 2021: WEB-Server.obj: Unresolved external symbol: HZE001.HydWeiche.Sec.VL.Temp.iDefekt
Error 2021: WEB-Server.obj: Unresolved external symbol: EZR0001.Raum.Ventil2.Strng.Vorwahl
Error 2021: WEB-Server.obj: Unresolved external symbol: HZG002.FbH.RL.Temp.iDefekt
Error 2021: WEB-Server.obj: Unresolved external symbol: TWW001.ZIRK.RL.Temp.iDefekt
Error 2021: WEB-Server.obj: Unresolved external symbol: EZR0016.Raum.Temp3.iMW20
Error 2021: WEB-Server.obj: Unresolved external symbol: HZE001.Aussen.Temp1.iMW10
Error 2021: WEB-Server.obj: Unresolved external symbol: HZG003.Hamam.UWP.ExtEin.iBM10
Error 2021: WEB-Server.obj: Unresolved external symbol: EZR0258.Raum.iGew.iRW10
Error 2021: WEB-Server.obj: Unresolved external symbol: RLT002.Wohnen.Frost.iSSM
Error 2021: WEB-Server.obj: Unresolved external symbol: EZR1004.Raum.Ventil2.Strng.iST10AO
Error 2021: WEB-Server.obj: Unresolved external symbol: EZR1008.Bad.Rad.Strng.iSB10DO
Error 2021: WEB-Server.obj: Unresolved external symbol: EZR1012.Raum.Ventil2.Strng.iST10AO
Error 2021: WEB-Server.obj: Unresolved external symbol: HZG002.VL.OG.UWP.Strng.HMI
Error 2021: WEB-Server.obj: Unresolved external symbol: RLT001.Bad.ABL.Temp.iMW10
Error 2021: WEB-Server.obj: Unresolved external symbol: EZR0017.Thanos.SetAuto
Error 2021: WEB-Server.obj: Unresolved external symbol: RLT002.Wohnen.PLT.Man10
Error 2021: WEB-Server.obj: Unresolved external symbol: HZE001.WE01.VL.Reg.PI
Error 2021: WEB-Server.obj: Unresolved external symbol: HZG002.VL.OG.Temp.iMW10
Error 2021: WEB-Server.obj: Unresolved external symbol: RLT003.VE.VL.Sec.UV.Strng.iSB10DO
Error 2021: WEB-Server.obj: Unresolved external symbol: RLT002.Wohnen.PLT.Man20
Error 2021: WEB-Server.obj: Unresolved external symbol: RLT003.VE.VL.Sec.Temp.iMW10
Error 2021: WEB-Server.obj: Unresolved external symbol: HZG003.Rad.VL.UWP.Strng.HMI
Error 2021: WEB-Server.obj: Unresolved external symbol: EZR0017.Thanos.ModeKH
Error 2021: WEB-Server.obj: Unresolved external symbol: EZR1002.Raum.Ventil1.Strng.Vorwahl
Error 2021: WEB-Server.obj: Unresolved external symbol: EZR1008.Thanos.SetKuehlen
Error 2021: WEB-Server.obj: Unresolved external symbol: EZR1008.Thanos.ModeAus
Error 2021: WEB-Server.obj: Unresolved external symbol: HZG002.VL.OG.Temp.iDefekt
Error 2021: WEB-Server.obj: Unresolved external symbol: HZG004.VL.Ventil.Strng.SignalHand
Error 2021: WEB-Server.obj: Unresolved external symbol: RLT003.ZUL.Frost.Reg.iYSignal
Error 2021: WEB-Server.obj: Unresolved external symbol: HZG004.FbH.UWP.Strng.iFrg
Error 2021: WEB-Server.obj: Unresolved external symbol: EZR0258.Thanos.Raumsolltemp
Error 2021: WEB-Server.obj: Unresolved external symbol: EZR1008.Thanos.SetAus
Error 2021: WEB-Server.obj: Unresolved external symbol: EZR1006.Raum.Temp1.iMW10
Error 2021: WEB-Server.obj: Unresolved external symbol: EZRA245.Thanos.SetKuehlen
Error 2021: WEB-Server.obj: Unresolved external symbol: HZG001.FbH.VL.Linear4.KurveX1
Error 2021: WEB-Server.obj: Unresolved external symbol: HZG001.FbH.VL.Linear4.KurveX2
Error 2021: WEB-Server.obj: Unresolved external symbol: EZR0016.Raum.Feuchte3.iMW20
Error 2021: WEB-Server.obj: Unresolved external symbol: HZG001.FbH.VL.Linear4.KurveX3
Error 2021: WEB-Server.obj: Unresolved external symbol: HZG001.FbH.VL.Linear4.KurveY1
Error 2021: WEB-Server.obj: Unresolved external symbol: RLT001.FOLByp.Klappe6.Strng.iST10AO
Error 2021: WEB-Server.obj: Unresolved external symbol: HZG001.FbH.VL.Linear4.KurveX4
Error 2021: WEB-Server.obj: Unresolved external symbol: HZG001.FbH.VL.Linear4.KurveY2
Error 2021: WEB-Server.obj: Unresolved external symbol: HZG005.Garage.Raum.GWHeizenAus.Register
Error 2021: WEB-Server.obj: Unresolved external symbol: RLT002.WO.ZUL.VE.Ventil.Strng.Vorwahl
Error 2021: WEB-Server.obj: Unresolved external symbol: HZG001.FbH.VL.Linear4.KurveY3
Error 2021: WEB-Server.obj: Unresolved external symbol: HZG002.FbH_UV2.UWP.MACT.iMACT10
Error 2021: WEB-Server.obj: Unresolved external symbol: RLT001.Bad.ABL.Feuchte.iMW10
Error 2021: WEB-Server.obj: Unresolved external symbol: RLT002.VE.VL.Pri.UWP.Strng.Betrieb
Error 2021: WEB-Server.obj: Unresolved external symbol: RLT002.WO.VL.Sec.Temp.iDefekt
Error 2021: WEB-Server.obj: Unresolved external symbol: EZR0017.Thanos.ModeHZ
Error 2021: WEB-Server.obj: Unresolved external symbol: HZG001.FbH.VL.Linear4.KurveY4
Error 2021: WEB-Server.obj: Unresolved external symbol: EZRA245.Thanos.RaumBelegtRead
Error 2021: WEB-Server.obj: Unresolved external symbol: RLT001.AULByp.Klappe3.Strng.HandSm
Error 2021: WEB-Server.obj: Unresolved external symbol: TWW001.VL.UWP.MACT.iMACT10
Error 2021: WEB-Server.obj: Unresolved external symbol: HZG002.UV_1.UWP.Strng.Betrieb
Error 2021: WEB-Server.obj: Unresolved external symbol: HZG004.RL.Temp.iMW10
Error 2021: WEB-Server.obj: Unresolved external symbol: HZE001.GEO.VL.Sec.Temp.iMW10
Error 2021: WEB-Server.obj: Unresolved external symbol: HZG002.UV_3.UWP.MACT.iMACT10
Error 2021: WEB-Server.obj: Unresolved external symbol: HZG004.FbH.VL.Temp.iMW10
Error 2021: WEB-Server.obj: Unresolved external symbol: HZG004.VL.Linear4KH.KurveX1
Error 2021: WEB-Server.obj: Unresolved external symbol: EZR0016.Thanos.ModeAuto
Error 2021: WEB-Server.obj: Unresolved external symbol: HZG002.Deckenhzg.UV.Strng.iSB10DO
Error 2021: WEB-Server.obj: Unresolved external symbol: HZG004.VL.Linear4KH.KurveX2
Error 2021: WEB-Server.obj: Unresolved external symbol: EZR1007.Raum.Ventil2.Strng.iST10AO
Error 2021: WEB-Server.obj: Unresolved external symbol: HZE001.WE02.VL.Temp.iDefekt
Error 2021: WEB-Server.obj: Unresolved external symbol: HZG004.VL.Linear4KH.KurveX3
Error 2021: WEB-Server.obj: Unresolved external symbol: HZG004.VL.Linear4KH.KurveY1
Error 2021: WEB-Server.obj: Unresolved external symbol: HZG001.FbH.RL.Temp.iDefekt
Error 2021: WEB-Server.obj: Unresolved external symbol: HZG004.VL.Linear4KH.KurveX4
Error 2021: WEB-Server.obj: Unresolved external symbol: HZG004.VL.Linear4KH.KurveY2
Error 2021: WEB-Server.obj: Unresolved external symbol: RLT001.SB.FOL.Temp.iMW10
Error 2021: WEB-Server.obj: Unresolved external symbol: HZG004.VL.Linear4KH.KurveY3
Error 2021: WEB-Server.obj: Unresolved external symbol: RLT002.Wohnen.ResolAir.iSSM
Error 2021: WEB-Server.obj: Unresolved external symbol: EZR1002.Raum.iGew.iRW10
Error 2021: WEB-Server.obj: Unresolved external symbol: HZG004.VL.Linear4KH.KurveY4
Error 2021: WEB-Server.obj: Unresolved external symbol: EZR0011.Raum.Temp1.iDefekt
Error 2021: WEB-Server.obj: Unresolved external symbol: HZE001.WE01.UWP.Strng.Betrieb
Error 2021: WEB-Server.obj: Unresolved external symbol: RLT002.WO.ABL.Temp.iDefekt
Error 2021: WEB-Server.obj: Unresolved external symbol: EZR0016.Raum.VOC.iMW20
Error 2021: WEB-Server.obj: Unresolved external symbol: HZG002.UV_2.UWP.Stoerg.iSSm
Error 2021: WEB-Server.obj: Unresolved external symbol: EZR1004.Thanos.Heizen
Error 2021: WEB-Server.obj: Unresolved external symbol: EZR1012.Thanos.Heizen
Error 2021: WEB-Server.obj: Unresolved external symbol: EZR1002.Thanos.RaumBelegtRead
Error 2021: WEB-Server.obj: Unresolved external symbol: EZR1010.Thanos.RaumBelegtRead
Error 2021: WEB-Server.obj: Unresolved external symbol: HZG004.FbH.Ventil.Strng.Vorwahl
Error 2021: WEB-Server.obj: Unresolved external symbol: HZG002.VL.EG.Ventil.Strng.HandSm
Error 2021: WEB-Server.obj: Unresolved external symbol: EZR1003.Thanos.RaumTBasisWrite
Error 2021: WEB-Server.obj: Unresolved external symbol: EZR1011.Thanos.RaumTBasisWrite
Error 2021: WEB-Server.obj: Unresolved external symbol: EZR1004.Thanos.SetKuehlen
Error 2021: WEB-Server.obj: Unresolved external symbol: EZR1007.Thanos.UniEin
Error 2021: WEB-Server.obj: Unresolved external symbol: EZR1012.Thanos.SetKuehlen
Error 2021: WEB-Server.obj: Unresolved external symbol: HZG001.FbH.UWP.Strng.HMI
Error 2021: WEB-Server.obj: Unresolved external symbol: EZR1006.Thanos.iSSM
Error 2021: WEB-Server.obj: Unresolved external symbol: HZE001.WE01.Anforderung.Strng.iSB10DO
Error 2021: WEB-Server.obj: Unresolved external symbol: EZR1003.Thanos.SetHeizen
Error 2021: WEB-Server.obj: Unresolved external symbol: EZR1011.Thanos.SetHeizen
Error 2021: WEB-Server.obj: Unresolved external symbol: HZE001.Puffer.Cold.Oben.GWAusEntf.Register
Error 2021: WEB-Server.obj: Unresolved external symbol: RLT001.Bad.ABL.Temp.iSW10
Error 2021: WEB-Server.obj: Unresolved external symbol: RLT003.VE.ZUL.Temp.iDefekt
Error 2021: WEB-Server.obj: Unresolved external symbol: HZG002.FbH.UWP.Strng.iFrg
Error 2021: WEB-Server.obj: Unresolved external symbol: RLT001.SB.ZUL.Reg.iYSignal
Error 2021: WEB-Server.obj: Unresolved external symbol: HZE001.GEO.RL.Pri.Temp.iMW10
Error 2021: WEB-Server.obj: Unresolved external symbol: RLT001.Bad.FOL.Klp.iMW10
Error 2021: WEB-Server.obj: Unresolved external symbol: EZR1007.Thanos.RaumBelegtRead
Error 2021: WEB-Server.obj: Unresolved external symbol: HZG002.VL.OG.Ventil.Strng.HandSm
Error 2021: WEB-Server.obj: Unresolved external symbol: HZG001.FbH.Aussen.GWHeizenAus.Register
Error 2021: WEB-Server.obj: Unresolved external symbol: HZG002.FbH.Aussen.GWHeizenAus.Register
Error 2021: WEB-Server.obj: Unresolved external symbol: HZG002.VL.OG.Temp.iSW10
Error 2021: WEB-Server.obj: Unresolved external symbol: HZG004.FbH.Aussen.GWHeizenAus.Register
Error 2021: WEB-Server.obj: Unresolved external symbol: RLT003.VE.ZUL.Temp.SW10.Register
Error 2021: WEB-Server.obj: Unresolved external symbol: EZR0011.Thanos.Heizen
Error 2021: WEB-Server.obj: Unresolved external symbol: RLT003.ZUL.Frost.Box.iRLTemperatur
Error 2021: WEB-Server.obj: Unresolved external symbol: RLT002.WO.RL.Sec.Temp.iDefekt
Error 2021: WEB-Server.obj: Unresolved external symbol: EZR1007.Thanos.ModeAuto
Error 2021: WEB-Server.obj: Unresolved external symbol: EZR1007.Thanos.UniAus
Error 2021: WEB-Server.obj: Unresolved external symbol: HZE001.Puffer.Hot.MitteOben.Temp.iMW10
Error 2021: WEB-Server.obj: Unresolved external symbol: HZE001.Aussen.Temp2.iMW10
Error 2021: WEB-Server.obj: Unresolved external symbol: EZR1003.Thanos.Kuehlen
Error 2021: WEB-Server.obj: Unresolved external symbol: EZR1011.Thanos.Kuehlen
Error 2021: WEB-Server.obj: Unresolved external symbol: EZR1008.Thanos.RaumTBasisWrite
Error 2021: WEB-Server.obj: Unresolved external symbol: EZRA245.Thanos.ModeKH
Error 2021: WEB-Server.obj: Unresolved external symbol: HZG005.Garage.UWP.Strng.Betrieb
Error 2021: WEB-Server.obj: Unresolved external symbol: HZG002.VL.EG.UWP.Strng.iFrgKH
Error 2021: WEB-Server.obj: Unresolved external symbol: RLT002.WO.ZUL.Temp.iMW10
Error 2021: WEB-Server.obj: Unresolved external symbol: SBT001.Becken.UWP.Strng.iSB10DO
Error 2021: WEB-Server.obj: Unresolved external symbol: EZR1006.Thanos.SetAuto
Error 2021: WEB-Server.obj: Unresolved external symbol: HZG002.VL.OG.Linear4KH.KurveX1
Error 2021: WEB-Server.obj: Unresolved external symbol: HZG002.VL.OG.Linear4KH.KurveX2
Error 2021: WEB-Server.obj: Unresolved external symbol: HZG002.VL.OG.Linear4KH.KurveX3
Error 2021: WEB-Server.obj: Unresolved external symbol: HZG002.VL.OG.Linear4KH.KurveY1
Error 2021: WEB-Server.obj: Unresolved external symbol: HZG002.VL.OG.Linear4KH.KurveX4
Error 2021: WEB-Server.obj: Unresolved external symbol: HZG002.VL.OG.Linear4KH.KurveY2
Error 2021: WEB-Server.obj: Unresolved external symbol: HZG002.VL.OG.Linear4KH.KurveY3
Error 2021: WEB-Server.obj: Unresolved external symbol: RLT001.SB.FOL.Feuchte.iDefekt
Error 2021: WEB-Server.obj: Unresolved external symbol: EZR0258.Thanos.SetHeizen
Error 2021: WEB-Server.obj: Unresolved external symbol: EZR1011.Raum.Feuchte.iMW20
Error 2021: WEB-Server.obj: Unresolved external symbol: HZE001.WE01.Sollwert.Strng.iST10AO
Error 2021: WEB-Server.obj: Unresolved external symbol: HZG002.VL.OG.Linear4KH.KurveY4
Error 2021: WEB-Server.obj: Unresolved external symbol: RLT002.Wohnen.PSTA.iA_Alarm
Error 2021: WEB-Server.obj: Unresolved external symbol: RLT003.Allg.VL.Pri.Temp.iMW10
Error 2021: WEB-Server.obj: Unresolved external symbol: RLT002.Wohnen.ABL.Vent.iSSM
Error 2021: WEB-Server.obj: Unresolved external symbol: RLT001.FOLByp.Klappe6.Strng.SignalHand
Error 2021: WEB-Server.obj: Unresolved external symbol: EZRA245.Thanos.ModeHZ
Error 2021: WEB-Server.obj: Unresolved external symbol: HZE001.Puffer.Cold.Frost.GWAus.Register
Error 2021: WEB-Server.obj: Unresolved external symbol: HZG004.FbH.VL.Temp.iSW10
Error 2021: WEB-Server.obj: Unresolved external symbol: EZR0258.Thanos.SetAus

Fatal Error 2201: Too many errors, link aborted
